<?xml version="1.0" encoding="ISO-8859-1"?>
<!--

    Copyright (C) 2009 eXo Platform SAS.

    This is free software; you can redistribute it and/or modify it
    under the terms of the GNU Lesser General Public License as
    published by the Free Software Foundation; either version 2.1 of
    the License, or (at your option) any later version.

    This software is distributed in the hope that it will be useful,
    but WITHOUT ANY WARRANTY; without even the implied warranty of
    MERCHANTABILITY or FITNESS FOR A PARTICULAR PURPOSE. See the GNU
    Lesser General Public License for more details.

    You should have received a copy of the GNU Lesser General Public
    License along with this software; if not, write to the Free
    Software Foundation, Inc., 51 Franklin St, Fifth Floor, Boston, MA
    02110-1301 USA, or see the FSF site: http://www.fsf.org.

-->
<configuration
   xmlns:xsi="http://www.w3.org/2001/XMLSchema-instance"
   xsi:schemaLocation="http://www.exoplatform.org/xml/ns/kernel_1_2.xsd http://www.exoplatform.org/xml/ns/kernel_1_2.xsd"
   xmlns="http://www.exoplatform.org/xml/ns/kernel_1_2.xsd">

  <component>
    <key>org.exoplatform.services.resources.ResourceBundleService</key>
    <type>org.exoplatform.wiki.mock.MockResourceBundleService</type>
  </component>

 <component>
    <key>org.exoplatform.social.core.space.spi.SpaceService</key>
    <type>org.exoplatform.wiki.mock.MockSpaceService</type>
 </component>

  <!-- Bind datasource -->
  <external-component-plugins>
    <target-component>org.exoplatform.services.naming.InitialContextInitializer</target-component>
    <component-plugin>
      <name>bind.datasource</name>
      <set-method>addPlugin</set-method>
      <type>org.exoplatform.services.naming.BindReferencePlugin</type>
      <init-params>
        <value-param>
          <name>bind-name</name>
          <value>java:/comp/env/exo-jpa_portal</value>
        </value-param>
        <value-param>
          <name>class-name</name>
          <value>javax.sql.DataSource</value>
        </value-param>
        <value-param>
          <name>factory</name>
          <value>org.apache.commons.dbcp.BasicDataSourceFactory</value>
        </value-param>
        <properties-param>
          <name>ref-addresses</name>
          <description>ref-addresses</description>
          <property name="driverClassName" value="org.hsqldb.jdbcDriver" />
          <property name="url" value="jdbc:hsqldb:mem:db1" />
          <property name="username" value="sa" />
          <property name="password" value="" />
        </properties-param>
      </init-params>
    </component-plugin>
  </external-component-plugins>

 <!-- The section for configuring data for user/group -->
  <external-component-plugins>
    <target-component>org.exoplatform.services.organization.OrganizationService</target-component>
    <component-plugin>
      <name>ecm.new.group.event.listener</name>
      <set-method>addListenerPlugin</set-method>
      <type>org.exoplatform.services.jcr.ext.hierarchy.impl.NewGroupListener</type>
      <description>description</description>
      <init-params>
        <object-param>
          <name>configuration></name>
          <description>description</description>
          <object type="org.exoplatform.services.jcr.ext.hierarchy.impl.HierarchyConfig">
            <field  name="jcrPaths">
              <collection type="java.util.ArrayList">
                <value>               
                  <object type="org.exoplatform.services.jcr.ext.hierarchy.impl.HierarchyConfig$JcrPath">                 
                    <field name="alias"><string>groupApplicationData</string></field>
                    <field name="path"><string>ApplicationData</string></field>
                    <field name="nodeType"><string>nt:unstructured</string></field>
                    <field name="permissions">
                      <collection type="java.util.ArrayList">               
                        <value>                            
                          <object type="org.exoplatform.services.jcr.ext.hierarchy.impl.HierarchyConfig$Permission">             
                            <field name="identity"><string>*:/platform/administrators</string></field>
                            <field name="read"><string>true</string></field>                
                            <field name="addNode"><string>true</string></field>                
                            <field name="setProperty"><string>true</string></field>                
                            <field name="remove"><string>true</string></field>                
                          </object>  
                        </value>                        
                      </collection>
                    </field>                                           
                  </object>
                </value>                                                           
              </collection>
            </field>            
          </object>
        </object-param>
      </init-params> 
    </component-plugin>
    
    <component-plugin>
      <name>ecm.new.user.event.listener</name>
      <set-method>addListenerPlugin</set-method>
      <type>org.exoplatform.services.jcr.ext.hierarchy.impl.NewUserListener</type>
      <description>description</description>
      <init-params>
        <object-param>
          <name>configuration</name>
          <description>description</description>
          <object type="org.exoplatform.services.jcr.ext.hierarchy.impl.HierarchyConfig">
            <field  name="jcrPaths">
              <collection type="java.util.ArrayList">
                <value>               
                  <object type="org.exoplatform.services.jcr.ext.hierarchy.impl.HierarchyConfig$JcrPath">                 
                    <field name="alias"><string>userApplicationData</string></field>
                    <field name="path"><string>ApplicationData</string></field>
                    <field name="nodeType"><string>nt:unstructured</string></field>
                    <field name="permissions">
                      <collection type="java.util.ArrayList">               
                        <value>                            
                          <object type="org.exoplatform.services.jcr.ext.hierarchy.impl.HierarchyConfig$Permission">             
                            <field name="identity"><string>*:/platform/administrators</string></field>
                            <field name="read"><string>true</string></field>                
                            <field name="addNode"><string>true</string></field>                
                            <field name="setProperty"><string>true</string></field>                
                            <field name="remove"><string>true</string></field>                
                          </object>  
                        </value>                        
                      </collection>
                    </field>                                           
                  </object>
                </value>                
              </collection>
            </field>            
          </object>
        </object-param>
      </init-params>
    </component-plugin>
  </external-component-plugins>
  
  <external-component-plugins>
    <target-component>org.exoplatform.services.jcr.ext.hierarchy.NodeHierarchyCreator</target-component>
    <component-plugin>
      <name>addPaths</name>
      <set-method>addPlugin</set-method>
      <type>org.exoplatform.services.jcr.ext.hierarchy.impl.AddPathPlugin</type>
      <init-params>
        <object-param>
          <name>cms.configuration</name>
          <description>configuration for the cms path</description>
          <object type="org.exoplatform.services.jcr.ext.hierarchy.impl.HierarchyConfig">
            <field name="workspaces">
              <collection type="java.util.ArrayList">
                <value><string>collaboration</string></value> 
              </collection>
            </field>
            <field  name="jcrPaths">
              <collection type="java.util.ArrayList">
                <value>
                  <object type="org.exoplatform.services.jcr.ext.hierarchy.impl.HierarchyConfig$JcrPath">
                    <field  name="alias"><string>eXoApplications</string></field>
                    <field  name="path"><string>/exo:applications</string></field>
                    <field name="permissions">
                      <collection type="java.util.ArrayList">
                        <value>
                          <object type="org.exoplatform.services.jcr.ext.hierarchy.impl.HierarchyConfig$Permission">
                            <field name="identity"><string>*:/platform/administrators</string></field>
                            <field name="read"><string>true</string></field>
                            <field name="addNode"><string>true</string></field>
                            <field name="setProperty"><string>true</string></field>
                            <field name="remove"><string>true</string></field>
                          </object>
                        </value>
                      </collection>
                    </field>
                  </object>
                </value>
                <!-- value>
                  <object type="org.exoplatform.services.jcr.ext.hierarchy.impl.HierarchyConfig$JcrPath">
                    <field  name="alias"><string>portalWiki</string></field>
                    <field  name="path"><string>/exo:applications/eXoWiki</string></field>
                    <field name="permissions">
                      <collection type="java.util.ArrayList">
                        <value>
                          <object type="org.exoplatform.services.jcr.ext.hierarchy.impl.HierarchyConfig$Permission">
                            <field name="identity"><string>*:/platform/administrators</string></field>
                            <field name="read"><string>true</string></field>
                            <field name="addNode"><string>true</string></field>
                            <field name="setProperty"><string>true</string></field>
                            <field name="remove"><string>true</string></field>
                          </object>
                        </value>
                      </collection>
                    </field>
                  </object>
                </value>
                <value>
                  <object type="org.exoplatform.services.jcr.ext.hierarchy.impl.HierarchyConfig$JcrPath">
                    <field  name="alias"><string>portalWikis</string></field>
                    <field  name="path"><string>/exo:applications/eXoWiki/wikis</string></field>
                    <field name="permissions">
                      <collection type="java.util.ArrayList">
                        <value>
                          <object type="org.exoplatform.services.jcr.ext.hierarchy.impl.HierarchyConfig$Permission">
                            <field name="identity"><string>*:/platform/administrators</string></field>
                            <field name="read"><string>true</string></field>
                            <field name="addNode"><string>true</string></field>
                            <field name="setProperty"><string>true</string></field>
                            <field name="remove"><string>true</string></field>
                          </object>
                        </value>
                      </collection>
                    </field>
                  </object>
                </value-->
                <value>
                  <object type="org.exoplatform.services.jcr.ext.hierarchy.impl.HierarchyConfig$JcrPath">
                    <field  name="alias"><string>usersPath</string></field>
                    <field  name="path"><string>/Users</string></field>
                    <field name="permissions">
                      <collection type="java.util.ArrayList">
                        <value>
                          <object type="org.exoplatform.services.jcr.ext.hierarchy.impl.HierarchyConfig$Permission">
                            <field name="identity"><string>*:/platform/administrators</string></field>
                            <field name="read"><string>true</string></field>
                            <field name="addNode"><string>true</string></field>
                            <field name="setProperty"><string>true</string></field>
                            <field name="remove"><string>true</string></field>
                          </object>
                        </value>
                        <value>
                          <object type="org.exoplatform.services.jcr.ext.hierarchy.impl.HierarchyConfig$Permission">
                            <field name="identity"><string>any</string></field>
                            <field name="read"><string>true</string></field>
                            <field name="addNode"><string>false</string></field>
                            <field name="setProperty"><string>true</string></field>
                            <field name="remove"><string>false</string></field>
                          </object>
                        </value>
                      </collection>
                    </field>
                  </object>
                </value>
                <value>
                  <object type="org.exoplatform.services.jcr.ext.hierarchy.impl.HierarchyConfig$JcrPath">
                    <field  name="alias"><string>groupsPath</string></field>
                    <field  name="path"><string>/Groups</string></field>
                    <field name="permissions">
                      <collection type="java.util.ArrayList">
                        <value>
                          <object type="org.exoplatform.services.jcr.ext.hierarchy.impl.HierarchyConfig$Permission">
                            <field name="identity"><string>*:/platform/administrators</string></field>
                            <field name="read"><string>true</string></field>
                            <field name="addNode"><string>true</string></field>
                            <field name="setProperty"><string>true</string></field>
                            <field name="remove"><string>true</string></field>
                          </object>
                        </value>
                        <value>
                          <object type="org.exoplatform.services.jcr.ext.hierarchy.impl.HierarchyConfig$Permission">
                            <field name="identity"><string>any</string></field>
                            <field name="read"><string>true</string></field>
                            <field name="addNode"><string>false</string></field>
                            <field name="setProperty"><string>true</string></field>
                            <field name="remove"><string>false</string></field>
                          </object>
                        </value>
                      </collection>
                    </field>
                  </object>
                </value>
                <value>
                  <object type="org.exoplatform.services.jcr.ext.hierarchy.impl.HierarchyConfig$JcrPath">
                    <field  name="alias"><string>groupApplicationData</string></field>
                    <field  name="path"><string>ApplicationData</string></field>
                    <field name="permissions">
                      <collection type="java.util.ArrayList">
                        <value>
                          <object type="org.exoplatform.services.jcr.ext.hierarchy.impl.HierarchyConfig$Permission">
                            <field name="identity"><string>*:/platform/administrators</string></field>
                            <field name="read"><string>true</string></field>
                            <field name="addNode"><string>true</string></field>
                            <field name="setProperty"><string>true</string></field>
                            <field name="remove"><string>true</string></field>
                          </object>
                        </value>
                      </collection>
                    </field>
                  </object>
                </value>
                <value>
                  <object type="org.exoplatform.services.jcr.ext.hierarchy.impl.HierarchyConfig$JcrPath">
                    <field  name="alias"><string>userApplicationData</string></field>
                    <field  name="path"><string>ApplicationData</string></field>
                    <field name="permissions">
                      <collection type="java.util.ArrayList">
                        <value>
                          <object type="org.exoplatform.services.jcr.ext.hierarchy.impl.HierarchyConfig$Permission">
                            <field name="identity"><string>*:/platform/administrators</string></field>
                            <field name="read"><string>true</string></field>
                            <field name="addNode"><string>true</string></field>
                            <field name="setProperty"><string>true</string></field>
                            <field name="remove"><string>true</string></field>
                          </object>
                        </value>
                      </collection>
                    </field>
                  </object>
                </value>
             </collection>
           </field>
         </object>
       </object-param>
     </init-params>
     </component-plugin>
  </external-component-plugins>

  <remove-configuration>org.exoplatform.services.cache.ExoCacheFactory</remove-configuration>
  <remove-configuration>org.exoplatform.services.scheduler.JobSchedulerService</remove-configuration>
</configuration> 
